\BOOKMARK [0][-]{chapter.1}{\376\377\000I\000n\000t\000r\000o\000d\000u\000z\000i\000o\000n\000e}{}% 1
\BOOKMARK [0][-]{chapter.2}{\376\377\000S\000o\000f\000t\000w\000a\000r\000e}{}% 2
\BOOKMARK [1][-]{section.2.1}{\376\377\000R\000O\000S\0002}{chapter.2}% 3
\BOOKMARK [1][-]{section.2.2}{\376\377\000U\000n\000i\000t\000y}{chapter.2}% 4
\BOOKMARK [1][-]{section.2.3}{\376\377\000G\000a\000z\000e\000b\000o}{chapter.2}% 5
\BOOKMARK [0][-]{chapter.3}{\376\377\000M\000a\000t\000e\000r\000i\000a\000l\000i\000\040\000e\000\040\000M\000e\000t\000o\000d\000i}{}% 6
\BOOKMARK [1][-]{section.3.1}{\376\377\000I\000n\000t\000e\000g\000r\000a\000z\000i\000o\000n\000e\000\040\000R\000O\000S\000-\000U\000n\000i\000t\000y}{chapter.3}% 7
\BOOKMARK [2][-]{subsection.3.1.1}{\376\377\000R\000O\000S\000-\000T\000C\000P\000\040\000C\000o\000n\000n\000e\000c\000t\000o\000r\000\040\000\046\000\040\000R\000O\000S\000-\000T\000C\000P\000\040\000E\000n\000d\000p\000o\000i\000n\000t}{section.3.1}% 8
\BOOKMARK [2][-]{subsection.3.1.2}{\376\377\000U\000R\000D\000F\000\040\000I\000m\000p\000o\000r\000t\000e\000r}{section.3.1}% 9
\BOOKMARK [1][-]{section.3.2}{\376\377\000M\000o\000v\000i\000m\000e\000n\000t\000a\000z\000i\000o\000e\000\040\000T\000M\0005\000-\0009\0000\0000\000\040\000t\000r\000a\000m\000i\000t\000e\000\040\000M\000o\000v\000e\000i\000t}{chapter.3}% 10
\BOOKMARK [1][-]{section.3.3}{\376\377\000I\000m\000p\000o\000r\000t\000a\000z\000i\000o\000n\000e\000\040\000T\000M\0005\000-\0009\0000\0000\000\040\000i\000n\000\040\000G\000a\000z\000e\000b\000o}{chapter.3}% 11
\BOOKMARK [1][-]{section.3.4}{\376\377\000C\000l\000o\000t\000h\000\040\000d\000i\000\040\000U\000n\000i\000t\000y}{chapter.3}% 12
\BOOKMARK [2][-]{subsection.3.4.1}{\376\377\000C\000o\000m\000p\000a\000t\000i\000b\000i\000l\000i\000t\000\340\000\040\000d\000e\000i\000\040\000f\000i\000l\000e\000\040\000c\000o\000n\000\040\000G\000a\000z\000e\000b\000o\000\040\000e\000\040\000U\000n\000i\000t\000y}{section.3.4}% 13
\BOOKMARK [2][-]{subsection.3.4.2}{\376\377\000C\000o\000m\000p\000o\000n\000e\000n\000t\000e\000\040\000C\000l\000o\000t\000h\000\040\000e\000\040\000r\000e\000l\000a\000t\000i\000v\000o\000\040\000M\000a\000n\000u\000a\000l\000e}{section.3.4}% 14
\BOOKMARK [2][-]{subsection.3.4.3}{\376\377\000C\000o\000m\000p\000o\000n\000e\000n\000t\000e\000\040\000C\000l\000o\000t\000h\000\040\000e\000\040\000c\000o\000l\000l\000i\000s\000i\000o\000n\000i\000\040\000c\000o\000n\000\040\000a\000l\000t\000r\000i\000\040\000m\000a\000t\000e\000r\000i\000a\000l\000i}{section.3.4}% 15
\BOOKMARK [1][-]{section.3.5}{\376\377\000C\000a\000m\000e\000r\000a}{chapter.3}% 16
\BOOKMARK [1][-]{section.3.6}{\376\377\000A\000p\000p\000l\000i\000c\000a\000z\000i\000o\000n\000e\000\040\000f\000i\000n\000a\000l\000e}{chapter.3}% 17
\BOOKMARK [0][-]{chapter.4}{\376\377\000R\000i\000s\000u\000l\000t\000a\000t\000i\000\040\000o\000t\000t\000e\000n\000u\000t\000i\000\040\000e\000\040\000d\000i\000s\000c\000u\000s\000s\000i\000o\000n\000e}{}% 18
\BOOKMARK [0][-]{chapter.5}{\376\377\000C\000o\000n\000c\000l\000u\000s\000i\000o\000n\000i\000\040\000e\000\040\000p\000r\000o\000s\000p\000e\000t\000t\000i\000v\000e\000\040\000f\000u\000t\000u\000r\000e}{}% 19
\BOOKMARK [0][-]{chapter.5}{\376\377\000A\000p\000p\000e\000n\000d\000i\000c\000i}{}% 20
\BOOKMARK [0][-]{appendix.Alph1}{\376\377\000A\000p\000p\000e\000n\000d\000i\000c\000e\0001}{}% 21
