This is pdfTeX, Version 3.141592653-2.6-1.40.27 (MiKTeX 25.4) (preloaded format=pdflatex 2025.5.2)  11 MAY 2025 16:52
entering extended mode
 restricted \write18 enabled.
 file:line:error style messages enabled.
 %&-line parsing enabled.
**c:/Users/lachiara/Documents/GitHub/Relazione_Dynamics/Template_Relazione/main.tex
(c:/Users/lachiara/Documents/GitHub/Relazione_Dynamics/Template_Relazione/main.tex
LaTeX2e <2024-11-01> patch level 2
L3 programming layer <2025-03-26>
(C:\Users\lachiara\AppData\Local\Programs\MiKTeX\tex/latex/base\report.cls
Document Class: report 2024/06/29 v1.4n Standard LaTeX document class
(C:\Users\lachiara\AppData\Local\Programs\MiKTeX\tex/latex/base\size11.clo
File: size11.clo 2024/06/29 v1.4n Standard LaTeX file (size option)
)
\c@part=\count197
\c@chapter=\count198
\c@section=\count199
\c@subsection=\count266
\c@subsubsection=\count267
\c@paragraph=\count268
\c@subparagraph=\count269
\c@figure=\count270
\c@table=\count271
\abovecaptionskip=\skip49
\belowcaptionskip=\skip50
\bibindent=\dimen146
) (C:\Users\lachiara\AppData\Local\Programs\MiKTeX\tex/latex/titlesec\titlesec.sty
Package: titlesec 2025/01/04 v2.17 Sectioning titles
\ttl@box=\box53
\beforetitleunit=\skip51
\aftertitleunit=\skip52
\ttl@plus=\dimen147
\ttl@minus=\dimen148
\ttl@toksa=\toks17
\titlewidth=\dimen149
\titlewidthlast=\dimen150
\titlewidthfirst=\dimen151
) (C:\Users\lachiara\AppData\Local\Programs\MiKTeX\tex/latex/setspace\setspace.sty
Package: setspace 2022/12/04 v6.7b set line spacing
) (C:\Users\lachiara\AppData\Local\Programs\MiKTeX\tex/latex/geometry\geometry.sty
Package: geometry 2020/01/02 v5.9 Page Geometry
 (C:\Users\lachiara\AppData\Local\Programs\MiKTeX\tex/latex/graphics\keyval.sty
Package: keyval 2022/05/29 v1.15 key=value parser (DPC)
\KV@toks@=\toks18
) (C:\Users\lachiara\AppData\Local\Programs\MiKTeX\tex/generic/iftex\ifvtex.sty
Package: ifvtex 2019/10/25 v1.7 ifvtex legacy package. Use iftex instead.
 (C:\Users\lachiara\AppData\Local\Programs\MiKTeX\tex/generic/iftex\iftex.sty
Package: iftex 2024/12/12 v1.0g TeX engine tests
))
\Gm@cnth=\count272
\Gm@cntv=\count273
\c@Gm@tempcnt=\count274
\Gm@bindingoffset=\dimen152
\Gm@wd@mp=\dimen153
\Gm@odd@mp=\dimen154
\Gm@even@mp=\dimen155
\Gm@layoutwidth=\dimen156
\Gm@layoutheight=\dimen157
\Gm@layouthoffset=\dimen158
\Gm@layoutvoffset=\dimen159
\Gm@dimlist=\toks19
 (C:\Users\lachiara\AppData\Local\Programs\MiKTeX\tex/latex/geometry\geometry.cfg)) (C:\Users\lachiara\AppData\Local\Programs\MiKTeX\tex/latex/appendix\appendix.sty
Package: appendix 2020/02/08 v1.2c extra appendix facilities
\c@@pps=\count275
\c@@ppsavesec=\count276
\c@@ppsaveapp=\count277
) (C:\Users\lachiara\AppData\Local\Programs\MiKTeX\tex/latex/graphics\graphicx.sty
Package: graphicx 2021/09/16 v1.2d Enhanced LaTeX Graphics (DPC,SPQR)
 (C:\Users\lachiara\AppData\Local\Programs\MiKTeX\tex/latex/graphics\graphics.sty
Package: graphics 2024/08/06 v1.4g Standard LaTeX Graphics (DPC,SPQR)
 (C:\Users\lachiara\AppData\Local\Programs\MiKTeX\tex/latex/graphics\trig.sty
Package: trig 2023/12/02 v1.11 sin cos tan (DPC)
) (C:\Users\lachiara\AppData\Local\Programs\MiKTeX\tex/latex/graphics-cfg\graphics.cfg
File: graphics.cfg 2016/06/04 v1.11 sample graphics configuration
)
Package graphics Info: Driver file: pdftex.def on input line 106.
 (C:\Users\lachiara\AppData\Local\Programs\MiKTeX\tex/latex/graphics-def\pdftex.def
File: pdftex.def 2024/04/13 v1.2c Graphics/color driver for pdftex
))
\Gin@req@height=\dimen160
\Gin@req@width=\dimen161
) (C:\Users\lachiara\AppData\Local\Programs\MiKTeX\tex/latex/lipsum\lipsum.sty (C:\Users\lachiara\AppData\Local\Programs\MiKTeX\tex/latex/l3packages/l3keys2e\l3keys2e.sty (C:\Users\lachiara\AppData\Local\Programs\MiKTeX\tex/latex/l3kernel\expl3.sty
Package: expl3 2025-03-26 L3 programming layer (loader) 
 (C:\Users\lachiara\AppData\Local\Programs\MiKTeX\tex/latex/l3backend\l3backend-pdftex.def
File: l3backend-pdftex.def 2025-03-14 L3 backend support: PDF output (pdfTeX)
\l__color_backend_stack_int=\count278
))
Package: l3keys2e 2024-08-16 LaTeX2e option processing using LaTeX3 keys
)
Package: lipsum 2021-09-20 v2.7 150 paragraphs of Lorem Ipsum dummy text
\g__lipsum_par_int=\count279
\l__lipsum_a_int=\count280
\l__lipsum_b_int=\count281
 (C:\Users\lachiara\AppData\Local\Programs\MiKTeX\tex/latex/lipsum\lipsum.ltd.tex)) (C:\Users\lachiara\AppData\Local\Programs\MiKTeX\tex/latex/caption\caption.sty
Package: caption 2023/08/05 v3.6o Customizing captions (AR)
 (C:\Users\lachiara\AppData\Local\Programs\MiKTeX\tex/latex/caption\caption3.sty
Package: caption3 2023/07/31 v2.4d caption3 kernel (AR)
\caption@tempdima=\dimen162
\captionmargin=\dimen163
\caption@leftmargin=\dimen164
\caption@rightmargin=\dimen165
\caption@width=\dimen166
\caption@indent=\dimen167
\caption@parindent=\dimen168
\caption@hangindent=\dimen169
Package caption Info: Standard document class detected.
)
\c@caption@flags=\count282
\c@continuedfloat=\count283
) (C:\Users\lachiara\AppData\Local\Programs\MiKTeX\tex/latex/base\inputenc.sty
Package: inputenc 2024/02/08 v1.3d Input encoding file
\inpenc@prehook=\toks20
\inpenc@posthook=\toks21
) (C:\Users\lachiara\AppData\Local\Programs\MiKTeX\tex/generic/babel\babel.sty
Package: babel 2025/04/14 v25.7 The multilingual framework for pdfLaTeX, LuaLaTeX and XeLaTeX
\babel@savecnt=\count284
\U@D=\dimen170
\l@unhyphenated=\language79
 (C:\Users\lachiara\AppData\Local\Programs\MiKTeX\tex/generic/babel\txtbabel.def)
\bbl@readstream=\read2
\bbl@dirlevel=\count285

*************************************
* Local config file bblopts.cfg used
*
(C:\Users\lachiara\AppData\Local\Programs\MiKTeX\tex/latex/arabi\bblopts.cfg
File: bblopts.cfg 2005/09/08 v0.1 add Arabic and Farsi to "declared" options of babel
) (C:\Users\lachiara\AppData\Local\Programs\MiKTeX\tex/latex/babel-italian\italian.ldf
Language: italian 2024/10/10 v.1.5.01 Italian support for the babel system
\it@lettering=\count286
\it@doublequoteactive=\count287
\it@ISOcompliance=\count288
)) (C:\Users\lachiara\AppData\Local\Programs\MiKTeX\tex/generic/babel/locale/it\babel-italian.tex
Package babel Info: Importing font and identification data for italian
(babel)             from babel-it.ini. Reported on input line 11.
) (C:\Users\lachiara\AppData\Local\Programs\MiKTeX\tex/latex/etoolbox\etoolbox.sty
Package: etoolbox 2025/02/11 v2.5l e-TeX tools for LaTeX (JAW)
\etb@tempcnta=\count289
) (C:\Users\lachiara\AppData\Local\Programs\MiKTeX\tex/latex/tools\verbatim.sty
Package: verbatim 2024-01-22 v1.5x LaTeX2e package for verbatim enhancements
\every@verbatim=\toks22
\verbatim@line=\toks23
\verbatim@in@stream=\read3
) (C:\Users\lachiara\AppData\Local\Programs\MiKTeX\tex/generic/colorprofiles\colorprofiles.sty
Package: colorprofiles 2018/11/01 v1.0.1 color profiles for PDF/X and PDF/A support
 (C:\Users\lachiara\AppData\Local\Programs\MiKTeX\tex/generic/colorprofiles\colorprofiles.tex)) (C:\Users\lachiara\AppData\Local\Programs\MiKTeX\tex/latex/listings\listings.sty
\lst@mode=\count290
\lst@gtempboxa=\box54
\lst@token=\toks24
\lst@length=\count291
\lst@currlwidth=\dimen171
\lst@column=\count292
\lst@pos=\count293
\lst@lostspace=\dimen172
\lst@width=\dimen173
\lst@newlines=\count294
\lst@lineno=\count295
\lst@maxwidth=\dimen174
 (C:\Users\lachiara\AppData\Local\Programs\MiKTeX\tex/latex/listings\lstpatch.sty
File: lstpatch.sty 2024/09/23 1.10c (Carsten Heinz)
) (C:\Users\lachiara\AppData\Local\Programs\MiKTeX\tex/latex/listings\lstmisc.sty
File: lstmisc.sty 2024/09/23 1.10c (Carsten Heinz)
\c@lstnumber=\count296
\lst@skipnumbers=\count297
\lst@framebox=\box55
) (C:\Users\lachiara\AppData\Local\Programs\MiKTeX\tex/latex/listings\listings.cfg
File: listings.cfg 2024/09/23 1.10c listings configuration
))
Package: listings 2024/09/23 1.10c (Carsten Heinz)
 (C:\Users\lachiara\AppData\Local\Programs\MiKTeX\tex/latex/float\float.sty
Package: float 2001/11/08 v1.3d Float enhancements (AL)
\c@float@type=\count298
\float@exts=\toks25
\float@box=\box56
\@float@everytoks=\toks26
\@floatcapt=\box57
) (C:\Users\lachiara\AppData\Local\Programs\MiKTeX\tex/latex/caption\subcaption.sty
Package: subcaption 2023/07/28 v1.6b Sub-captions (AR)
Package caption Info: New subtype `subfigure' on input line 238.
\c@subfigure=\count299
Package caption Info: New subtype `subtable' on input line 238.
\c@subtable=\count300
) (C:\Users\lachiara\AppData\Local\Programs\MiKTeX\tex/latex/amsmath\amsmath.sty
Package: amsmath 2024/11/05 v2.17t AMS math features
\@mathmargin=\skip53

For additional information on amsmath, use the `?' option.
(C:\Users\lachiara\AppData\Local\Programs\MiKTeX\tex/latex/amsmath\amstext.sty
Package: amstext 2021/08/26 v2.01 AMS text
 (C:\Users\lachiara\AppData\Local\Programs\MiKTeX\tex/latex/amsmath\amsgen.sty
File: amsgen.sty 1999/11/30 v2.0 generic functions
\@emptytoks=\toks27
\ex@=\dimen175
)) (C:\Users\lachiara\AppData\Local\Programs\MiKTeX\tex/latex/amsmath\amsbsy.sty
Package: amsbsy 1999/11/29 v1.2d Bold Symbols
\pmbraise@=\dimen176
) (C:\Users\lachiara\AppData\Local\Programs\MiKTeX\tex/latex/amsmath\amsopn.sty
Package: amsopn 2022/04/08 v2.04 operator names
)
\inf@bad=\count301
LaTeX Info: Redefining \frac on input line 233.
\uproot@=\count302
\leftroot@=\count303
LaTeX Info: Redefining \overline on input line 398.
LaTeX Info: Redefining \colon on input line 409.
\classnum@=\count304
\DOTSCASE@=\count305
LaTeX Info: Redefining \ldots on input line 495.
LaTeX Info: Redefining \dots on input line 498.
LaTeX Info: Redefining \cdots on input line 619.
\Mathstrutbox@=\box58
\strutbox@=\box59
LaTeX Info: Redefining \big on input line 721.
LaTeX Info: Redefining \Big on input line 722.
LaTeX Info: Redefining \bigg on input line 723.
LaTeX Info: Redefining \Bigg on input line 724.
\big@size=\dimen177
LaTeX Font Info:    Redeclaring font encoding OML on input line 742.
LaTeX Font Info:    Redeclaring font encoding OMS on input line 743.
\macc@depth=\count306
LaTeX Info: Redefining \bmod on input line 904.
LaTeX Info: Redefining \pmod on input line 909.
LaTeX Info: Redefining \smash on input line 939.
LaTeX Info: Redefining \relbar on input line 969.
LaTeX Info: Redefining \Relbar on input line 970.
\c@MaxMatrixCols=\count307
\dotsspace@=\muskip17
\c@parentequation=\count308
\dspbrk@lvl=\count309
\tag@help=\toks28
\row@=\count310
\column@=\count311
\maxfields@=\count312
\andhelp@=\toks29
\eqnshift@=\dimen178
\alignsep@=\dimen179
\tagshift@=\dimen180
\tagwidth@=\dimen181
\totwidth@=\dimen182
\lineht@=\dimen183
\@envbody=\toks30
\multlinegap=\skip54
\multlinetaggap=\skip55
\mathdisplay@stack=\toks31
LaTeX Info: Redefining \[ on input line 2953.
LaTeX Info: Redefining \] on input line 2954.
) (C:\Users\lachiara\AppData\Local\Programs\MiKTeX\tex/latex/amsfonts\amsfonts.sty
Package: amsfonts 2013/01/14 v3.01 Basic AMSFonts support
\symAMSa=\mathgroup4
\symAMSb=\mathgroup5
LaTeX Font Info:    Redeclaring math symbol \hbar on input line 98.
LaTeX Font Info:    Overwriting math alphabet `\mathfrak' in version `bold'
(Font)                  U/euf/m/n --> U/euf/b/n on input line 106.
) (C:\Users\lachiara\AppData\Local\Programs\MiKTeX\tex/latex/xcolor\xcolor.sty
Package: xcolor 2024/09/29 v3.02 LaTeX color extensions (UK)
 (C:\Users\lachiara\AppData\Local\Programs\MiKTeX\tex/latex/graphics-cfg\color.cfg
File: color.cfg 2016/01/02 v1.6 sample color configuration
)
Package xcolor Info: Driver file: pdftex.def on input line 274.
 (C:\Users\lachiara\AppData\Local\Programs\MiKTeX\tex/latex/graphics\mathcolor.ltx)
Package xcolor Info: Model `cmy' substituted by `cmy0' on input line 1349.
Package xcolor Info: Model `hsb' substituted by `rgb' on input line 1353.
Package xcolor Info: Model `RGB' extended on input line 1365.
Package xcolor Info: Model `HTML' substituted by `rgb' on input line 1367.
Package xcolor Info: Model `Hsb' substituted by `hsb' on input line 1368.
Package xcolor Info: Model `tHsb' substituted by `hsb' on input line 1369.
Package xcolor Info: Model `HSB' substituted by `hsb' on input line 1370.
Package xcolor Info: Model `Gray' substituted by `gray' on input line 1371.
Package xcolor Info: Model `wave' substituted by `hsb' on input line 1372.
) (C:\Users\lachiara\AppData\Local\Programs\MiKTeX\tex/latex/url\url.sty
\Urlmuskip=\muskip18
Package: url 2013/09/16  ver 3.4  Verb mode for urls, etc.
) (C:\Users\lachiara\AppData\Local\Programs\MiKTeX\tex/latex/hyperref\hyperref.sty
Package: hyperref 2024-11-05 v7.01l Hypertext links for LaTeX
 (C:\Users\lachiara\AppData\Local\Programs\MiKTeX\tex/latex/kvsetkeys\kvsetkeys.sty
Package: kvsetkeys 2022-10-05 v1.19 Key value parser (HO)
) (C:\Users\lachiara\AppData\Local\Programs\MiKTeX\tex/generic/kvdefinekeys\kvdefinekeys.sty
Package: kvdefinekeys 2019-12-19 v1.6 Define keys (HO)
) (C:\Users\lachiara\AppData\Local\Programs\MiKTeX\tex/generic/pdfescape\pdfescape.sty
Package: pdfescape 2019/12/09 v1.15 Implements pdfTeX's escape features (HO)
 (C:\Users\lachiara\AppData\Local\Programs\MiKTeX\tex/generic/ltxcmds\ltxcmds.sty
Package: ltxcmds 2023-12-04 v1.26 LaTeX kernel commands for general use (HO)
) (C:\Users\lachiara\AppData\Local\Programs\MiKTeX\tex/generic/pdftexcmds\pdftexcmds.sty
Package: pdftexcmds 2020-06-27 v0.33 Utility functions of pdfTeX for LuaTeX (HO)
 (C:\Users\lachiara\AppData\Local\Programs\MiKTeX\tex/generic/infwarerr\infwarerr.sty
Package: infwarerr 2019/12/03 v1.5 Providing info/warning/error messages (HO)
)
Package pdftexcmds Info: \pdf@primitive is available.
Package pdftexcmds Info: \pdf@ifprimitive is available.
Package pdftexcmds Info: \pdfdraftmode found.
)) (C:\Users\lachiara\AppData\Local\Programs\MiKTeX\tex/latex/hycolor\hycolor.sty
Package: hycolor 2020-01-27 v1.10 Color options for hyperref/bookmark (HO)
) (C:\Users\lachiara\AppData\Local\Programs\MiKTeX\tex/latex/hyperref\nameref.sty
Package: nameref 2023-11-26 v2.56 Cross-referencing by name of section
 (C:\Users\lachiara\AppData\Local\Programs\MiKTeX\tex/latex/refcount\refcount.sty
Package: refcount 2019/12/15 v3.6 Data extraction from label references (HO)
) (C:\Users\lachiara\AppData\Local\Programs\MiKTeX\tex/generic/gettitlestring\gettitlestring.sty
Package: gettitlestring 2019/12/15 v1.6 Cleanup title references (HO)
 (C:\Users\lachiara\AppData\Local\Programs\MiKTeX\tex/latex/kvoptions\kvoptions.sty
Package: kvoptions 2022-06-15 v3.15 Key value format for package options (HO)
))
\c@section@level=\count313
) (C:\Users\lachiara\AppData\Local\Programs\MiKTeX\tex/generic/stringenc\stringenc.sty
Package: stringenc 2019/11/29 v1.12 Convert strings between diff. encodings (HO)
)
\@linkdim=\dimen184
\Hy@linkcounter=\count314
\Hy@pagecounter=\count315
 (C:\Users\lachiara\AppData\Local\Programs\MiKTeX\tex/latex/hyperref\pd1enc.def
File: pd1enc.def 2024-11-05 v7.01l Hyperref: PDFDocEncoding definition (HO)
Now handling font encoding PD1 ...
... no UTF-8 mapping file for font encoding PD1
) (C:\Users\lachiara\AppData\Local\Programs\MiKTeX\tex/generic/intcalc\intcalc.sty
Package: intcalc 2019/12/15 v1.3 Expandable calculations with integers (HO)
)
\Hy@SavedSpaceFactor=\count316
 (C:\Users\lachiara\AppData\Local\Programs\MiKTeX\tex/latex/hyperref\puenc.def
File: puenc.def 2024-11-05 v7.01l Hyperref: PDF Unicode definition (HO)
Now handling font encoding PU ...
... no UTF-8 mapping file for font encoding PU
)
Package hyperref Info: Hyper figures OFF on input line 4157.
Package hyperref Info: Link nesting OFF on input line 4162.
Package hyperref Info: Hyper index ON on input line 4165.
Package hyperref Info: Plain pages OFF on input line 4172.
Package hyperref Info: Backreferencing OFF on input line 4177.
Package hyperref Info: Implicit mode ON; LaTeX internals redefined.
Package hyperref Info: Bookmarks ON on input line 4424.
\c@Hy@tempcnt=\count317
LaTeX Info: Redefining \url on input line 4763.
\XeTeXLinkMargin=\dimen185
 (C:\Users\lachiara\AppData\Local\Programs\MiKTeX\tex/generic/bitset\bitset.sty
Package: bitset 2019/12/09 v1.3 Handle bit-vector datatype (HO)
 (C:\Users\lachiara\AppData\Local\Programs\MiKTeX\tex/generic/bigintcalc\bigintcalc.sty
Package: bigintcalc 2019/12/15 v1.5 Expandable calculations on big integers (HO)
))
\Fld@menulength=\count318
\Field@Width=\dimen186
\Fld@charsize=\dimen187
Package hyperref Info: Hyper figures OFF on input line 6042.
Package hyperref Info: Link nesting OFF on input line 6047.
Package hyperref Info: Hyper index ON on input line 6050.
Package hyperref Info: backreferencing OFF on input line 6057.
Package hyperref Info: Link coloring OFF on input line 6062.
Package hyperref Info: Link coloring with OCG OFF on input line 6067.
Package hyperref Info: PDF/A mode OFF on input line 6072.
 (C:\Users\lachiara\AppData\Local\Programs\MiKTeX\tex/latex/base\atbegshi-ltx.sty
Package: atbegshi-ltx 2021/01/10 v1.0c Emulation of the original atbegshi
package with kernel methods
)
\Hy@abspage=\count319
\c@Item=\count320
\c@Hfootnote=\count321
)
Package hyperref Info: Driver (autodetected): hpdftex.
 (C:\Users\lachiara\AppData\Local\Programs\MiKTeX\tex/latex/hyperref\hpdftex.def
File: hpdftex.def 2024-11-05 v7.01l Hyperref driver for pdfTeX
 (C:\Users\lachiara\AppData\Local\Programs\MiKTeX\tex/latex/base\atveryend-ltx.sty
Package: atveryend-ltx 2020/08/19 v1.0a Emulation of the original atveryend package
with kernel methods
)
\Fld@listcount=\count322
\c@bookmark@seq@number=\count323
 (C:\Users\lachiara\AppData\Local\Programs\MiKTeX\tex/latex/rerunfilecheck\rerunfilecheck.sty
Package: rerunfilecheck 2022-07-10 v1.10 Rerun checks for auxiliary files (HO)
 (C:\Users\lachiara\AppData\Local\Programs\MiKTeX\tex/generic/uniquecounter\uniquecounter.sty
Package: uniquecounter 2019/12/15 v1.4 Provide unlimited unique counter (HO)
)
Package uniquecounter Info: New unique counter `rerunfilecheck' on input line 285.
)
\Hy@SectionHShift=\skip56
) (C:\Users\lachiara\AppData\Local\Programs\MiKTeX\tex/latex/fancyvrb\fancyvrb.sty
Package: fancyvrb 2024/01/20 4.5c verbatim text (tvz,hv)
\FV@CodeLineNo=\count324
\FV@InFile=\read4
\FV@TabBox=\box60
\c@FancyVerbLine=\count325
\FV@StepNumber=\count326
\FV@OutFile=\write3
) (C:\Users\lachiara\AppData\Local\Programs\MiKTeX\tex/latex/booktabs\booktabs.sty
Package: booktabs 2020/01/12 v1.61803398 Publication quality tables
\heavyrulewidth=\dimen188
\lightrulewidth=\dimen189
\cmidrulewidth=\dimen190
\belowrulesep=\dimen191
\belowbottomsep=\dimen192
\aboverulesep=\dimen193
\abovetopsep=\dimen194
\cmidrulesep=\dimen195
\cmidrulekern=\dimen196
\defaultaddspace=\dimen197
\@cmidla=\count327
\@cmidlb=\count328
\@aboverulesep=\dimen198
\@belowrulesep=\dimen199
\@thisruleclass=\count329
\@lastruleclass=\count330
\@thisrulewidth=\dimen256
) (main.aux

LaTeX Warning: Label `lst:base' multiply defined.

)
\openout1 = `main.aux'.

LaTeX Font Info:    Checking defaults for OML/cmm/m/it on input line 134.
LaTeX Font Info:    ... okay on input line 134.
LaTeX Font Info:    Checking defaults for OMS/cmsy/m/n on input line 134.
LaTeX Font Info:    ... okay on input line 134.
LaTeX Font Info:    Checking defaults for OT1/cmr/m/n on input line 134.
LaTeX Font Info:    ... okay on input line 134.
LaTeX Font Info:    Checking defaults for T1/cmr/m/n on input line 134.
LaTeX Font Info:    ... okay on input line 134.
LaTeX Font Info:    Checking defaults for TS1/cmr/m/n on input line 134.
LaTeX Font Info:    ... okay on input line 134.
LaTeX Font Info:    Checking defaults for OMX/cmex/m/n on input line 134.
LaTeX Font Info:    ... okay on input line 134.
LaTeX Font Info:    Checking defaults for U/cmr/m/n on input line 134.
LaTeX Font Info:    ... okay on input line 134.
LaTeX Font Info:    Checking defaults for PD1/pdf/m/n on input line 134.
LaTeX Font Info:    ... okay on input line 134.
LaTeX Font Info:    Checking defaults for PU/pdf/m/n on input line 134.
LaTeX Font Info:    ... okay on input line 134.

*geometry* driver: auto-detecting
*geometry* detected driver: pdftex
*geometry* verbose mode - [ preamble ] result:
* driver: pdftex
* paper: <default>
* layout: <same size as paper>
* layoutoffset:(h,v)=(0.0pt,0.0pt)
* modes: 
* h-part:(L,W,R)=(86.72377pt, 440.84746pt, 86.72377pt)
* v-part:(T,H,B)=(86.72377pt, 621.52245pt, 86.72377pt)
* \paperwidth=614.295pt
* \paperheight=794.96999pt
* \textwidth=440.84746pt
* \textheight=621.52245pt
* \oddsidemargin=14.45378pt
* \evensidemargin=14.45378pt
* \topmargin=-22.54622pt
* \headheight=12.0pt
* \headsep=25.0pt
* \topskip=11.0pt
* \footskip=30.0pt
* \marginparwidth=59.0pt
* \marginparsep=10.0pt
* \columnsep=10.0pt
* \skip\footins=10.0pt plus 4.0pt minus 2.0pt
* \hoffset=0.0pt
* \voffset=0.0pt
* \mag=1000
* \@twocolumnfalse
* \@twosidefalse
* \@mparswitchfalse
* \@reversemarginfalse
* (1in=72.27pt=25.4mm, 1cm=28.453pt)

(C:\Users\lachiara\AppData\Local\Programs\MiKTeX\tex/context/base/mkii\supp-pdf.mkii
[Loading MPS to PDF converter (version 2006.09.02).]
\scratchcounter=\count331
\scratchdimen=\dimen257
\scratchbox=\box61
\nofMPsegments=\count332
\nofMParguments=\count333
\everyMPshowfont=\toks32
\MPscratchCnt=\count334
\MPscratchDim=\dimen258
\MPnumerator=\count335
\makeMPintoPDFobject=\count336
\everyMPtoPDFconversion=\toks33
) (C:\Users\lachiara\AppData\Local\Programs\MiKTeX\tex/latex/epstopdf-pkg\epstopdf-base.sty
Package: epstopdf-base 2020-01-24 v2.11 Base part for package epstopdf
Package epstopdf-base Info: Redefining graphics rule for `.eps' on input line 485.
 (C:\Users\lachiara\AppData\Local\Programs\MiKTeX\tex/latex/00miktex\epstopdf-sys.cfg
File: epstopdf-sys.cfg 2021/03/18 v2.0 Configuration of epstopdf for MiKTeX
))
Package caption Info: Begin \AtBeginDocument code.
Package caption Info: float package is loaded.
Package caption Info: hyperref package is loaded.
Package caption Info: listings package is loaded.
Package caption Info: End \AtBeginDocument code.
LaTeX Info: Redefining \it@ocap on input line 134.
LaTeX Info: Redefining \it@ccap on input line 134.


File italian.ldf warning: 
italian.ldf    With OT1 encoding guillemets are poorly faked
italian.ldf    Use T1 encoding
italian.ldf    or specify a font with command \CaporaliFrom
italian.ldf    See the documentation concerning the babel-italian typesetting
italian.ldf    on input line 134.

\c@lstlisting=\count337
Package hyperref Info: Link coloring OFF on input line 134.
(main.out) (main.out)
\@outlinefile=\write4
\openout4 = `main.out'.

<images/logoUnivpm.jpg, id=155, 111.2958pt x 115.632pt>
File: images/logoUnivpm.jpg Graphic file (type jpg)
<use images/logoUnivpm.jpg>
Package pdftex.def Info: images/logoUnivpm.jpg  used on input line 146.
(pdftex.def)             Requested size: 142.26378pt x 147.82495pt.
<images/dii_new.png, id=156, 192.72pt x 79.29625pt>
File: images/dii_new.png Graphic file (type png)
<use images/dii_new.png>
Package pdftex.def Info: images/dii_new.png  used on input line 167.
(pdftex.def)             Requested size: 56.9055pt x 23.41396pt.


[1

{C:/Users/lachiara/AppData/Local/MiKTeX/fonts/map/pdftex/pdftex.map} <./images/logoUnivpm.jpg> <./images/dii_new.png>] (main.toc
LaTeX Font Info:    Trying to load font information for U+msa on input line 5.
 (C:\Users\lachiara\AppData\Local\Programs\MiKTeX\tex/latex/amsfonts\umsa.fd
File: umsa.fd 2013/01/14 v3.01 AMS symbols A
)
LaTeX Font Info:    Trying to load font information for U+msb on input line 5.
 (C:\Users\lachiara\AppData\Local\Programs\MiKTeX\tex/latex/amsfonts\umsb.fd
File: umsb.fd 2013/01/14 v3.01 AMS symbols B
)


pdfTeX warning (ext4): destination with the same identifier (name{page.1}) has been already used, duplicate ignored
<to be read again> 
                   \relax 
l.48 ...\numberline {6}Conclusioni}{61}{chapter.6}
                                                  % [1

])
\tf@toc=\write5
\openout5 = `main.toc'.



[2]
Capitolo 1.


[3

]
Capitolo 2.
<images/omron.png, id=220, 198.7425pt x 198.7425pt>
File: images/omron.png Graphic file (type png)
<use images/omron.png>
Package pdftex.def Info: images/omron.png  used on input line 207.
(pdftex.def)             Requested size: 264.51115pt x 264.5395pt.

LaTeX Warning: `!h' float specifier changed to `!ht'.



[4

]

[5 <./images/omron.png>]
<images/d435i.jpg, id=233, 803.0pt x 415.5525pt>
File: images/d435i.jpg Graphic file (type jpg)
<use images/d435i.jpg>
Package pdftex.def Info: images/d435i.jpg  used on input line 233.
(pdftex.def)             Requested size: 264.51115pt x 136.88545pt.


[6 <./images/d435i.jpg>]
<images/ubuntu1.png, id=243, 311.66437pt x 175.40532pt>
File: images/ubuntu1.png Graphic file (type png)
<use images/ubuntu1.png>
Package pdftex.def Info: images/ubuntu1.png  used on input line 293.
(pdftex.def)             Requested size: 264.51115pt x 148.87039pt.


[7]

[8 <./images/ubuntu1.png>]
<images/ROS2.png, id=262, 1084.05pt x 542.025pt>
File: images/ROS2.png Graphic file (type png)
<use images/ROS2.png>
Package pdftex.def Info: images/ROS2.png  used on input line 348.
(pdftex.def)             Requested size: 264.51115pt x 132.25555pt.
<images/moveit.png, id=264, 491.8375pt x 103.38625pt>
File: images/moveit.png Graphic file (type png)
<use images/moveit.png>
Package pdftex.def Info: images/moveit.png  used on input line 361.
(pdftex.def)             Requested size: 264.51115pt x 55.60371pt.


[9 <./images/ROS2.png>]

[10 <./images/moveit.png>]
<images/UNITY.jpg, id=284, 3011.25pt x 1600.98125pt>
File: images/UNITY.jpg Graphic file (type jpg)
<use images/UNITY.jpg>
Package pdftex.def Info: images/UNITY.jpg  used on input line 413.
(pdftex.def)             Requested size: 264.51115pt x 140.61317pt.


[11]

[12 <./images/UNITY.jpg>]
<images/cloth_constraints.PNG, id=300, 315.579pt x 501.072pt>
File: images/cloth_constraints.PNG Graphic file (type png)
<use images/cloth_constraints.PNG>
Package pdftex.def Info: images/cloth_constraints.PNG  used on input line 443.
(pdftex.def)             Requested size: 132.25557pt x 209.99007pt.
<images/cloth_constraints_2.PNG, id=302, 402.90524pt x 273.4215pt>
File: images/cloth_constraints_2.PNG Graphic file (type png)
<use images/cloth_constraints_2.PNG>
Package pdftex.def Info: images/cloth_constraints_2.PNG  used on input line 450.
(pdftex.def)             Requested size: 220.42372pt x 149.58958pt.


LaTeX Warning: `!h' float specifier changed to `!ht'.



[13 <./images/cloth_constraints.PNG>]

[14 <./images/cloth_constraints_2.PNG>]

[15]
Underfull \hbox (badness 10000) in paragraph at lines 524--528

 []

<images/rostcp.jpg, id=323, 163.3603pt x 172.39406pt>
File: images/rostcp.jpg Graphic file (type jpg)
<use images/rostcp.jpg>
Package pdftex.def Info: images/rostcp.jpg  used on input line 553.
(pdftex.def)             Requested size: 176.33629pt x 186.0881pt.

LaTeX Warning: `h' float specifier changed to `ht'.

<images/rostcp1.jpg, id=324, 231.11343pt x 161.85469pt>
File: images/rostcp1.jpg Graphic file (type jpg)
<use images/rostcp1.jpg>
Package pdftex.def Info: images/rostcp1.jpg  used on input line 561.
(pdftex.def)             Requested size: 176.33629pt x 123.49242pt.

LaTeX Warning: `h' float specifier changed to `ht'.


Overfull \hbox (57.48044pt too wide) in paragraph at lines 568--572
[]\OT1/cmr/bx/n/10.95 ROS-TCP Con-nec-tor\OT1/cmr/m/n/10.95 : []$\OT1/cmtt/m/n/10.95 https : / / github . com / Unity-[]Technologies / ROS-[]TCP-[]Connector .
 []



[16]
<images/rostcp2.jpg, id=331, 146.79843pt x 45.92157pt>
File: images/rostcp2.jpg Graphic file (type jpg)
<use images/rostcp2.jpg>
Package pdftex.def Info: images/rostcp2.jpg  used on input line 585.
(pdftex.def)             Requested size: 176.33629pt x 55.16165pt.
<images/rostcp4.jpg, id=332, 191.9672pt x 218.31563pt>
File: images/rostcp4.jpg Graphic file (type jpg)
<use images/rostcp4.jpg>
Package pdftex.def Info: images/rostcp4.jpg  used on input line 593.
(pdftex.def)             Requested size: 176.33629pt x 200.553pt.


[17 <./images/rostcp.jpg> <./images/rostcp1.jpg> <./images/rostcp2.jpg>]
Overfull \hbox (36.29362pt too wide) in paragraph at lines 634--634
[]    \OT1/cmtt/m/n/10.95 ros2 run ros_tcp_endpoint default_server_endpoint --ros-args -p ROS_IP:=YOUR_IP 
 []



[18 <./images/rostcp4.jpg>]
<images/test_connessione_1.PNG, id=352, 553.46774pt x 348.1005pt>
File: images/test_connessione_1.PNG Graphic file (type png)
<use images/test_connessione_1.PNG>
Package pdftex.def Info: images/test_connessione_1.PNG  used on input line 649.
(pdftex.def)             Requested size: 264.51115pt x 166.36926pt.
<images/test_connessione_2.PNG, id=354, 554.67226pt x 346.896pt>
File: images/test_connessione_2.PNG Graphic file (type png)
<use images/test_connessione_2.PNG>
Package pdftex.def Info: images/test_connessione_2.PNG  used on input line 658.
(pdftex.def)             Requested size: 264.51115pt x 165.42836pt.


[19 <./images/test_connessione_1.PNG> <./images/test_connessione_2.PNG>]
<images/URDF_Importer_1.png, id=364, 646.21425pt x 411.33675pt>
File: images/URDF_Importer_1.png Graphic file (type png)
<use images/URDF_Importer_1.png>
Package pdftex.def Info: images/URDF_Importer_1.png  used on input line 697.
(pdftex.def)             Requested size: 176.33629pt x 112.24239pt.
<images/URDF_Importer_2.png, id=365, 561.89925pt x 455.90324pt>
File: images/URDF_Importer_2.png Graphic file (type png)
<use images/URDF_Importer_2.png>
Package pdftex.def Info: images/URDF_Importer_2.png  used on input line 704.
(pdftex.def)             Requested size: 176.33629pt x 143.06766pt.


[20 <./images/URDF_Importer_1.png>]
<images/URDF_Importer_3.png, id=374, 561.297pt x 453.49425pt>
File: images/URDF_Importer_3.png Graphic file (type png)
<use images/URDF_Importer_3.png>
Package pdftex.def Info: images/URDF_Importer_3.png  used on input line 712.
(pdftex.def)             Requested size: 176.33629pt x 142.47086pt.

Overfull \hbox (1.05592pt too wide) in paragraph at lines 708--715
[]\OT1/cmr/m/n/10.95 Inserire il se-guen-te URL del-la re-po-si-to-ry: []$\OT1/cmtt/m/n/10.95 https : / / github . com / Unity-[]Technologies /
 []

<images/URDF_Importer_4.png, id=375, 398.08725pt x 172.84575pt>
File: images/URDF_Importer_4.png Graphic file (type png)
<use images/URDF_Importer_4.png>
Package pdftex.def Info: images/URDF_Importer_4.png  used on input line 723.
(pdftex.def)             Requested size: 220.42372pt x 95.70633pt.
<images/URDF_Importer_5.png, id=377, 549.85425pt x 230.0595pt>
File: images/URDF_Importer_5.png Graphic file (type png)
<use images/URDF_Importer_5.png>
Package pdftex.def Info: images/URDF_Importer_5.png  used on input line 730.
(pdftex.def)             Requested size: 220.42372pt x 92.22577pt.


[21 <./images/URDF_Importer_2.png> <./images/URDF_Importer_3.png> <./images/URDF_Importer_4.png>]
<images/URDF_Importer_6.png, id=389, 317.38576pt x 470.9595pt>
File: images/URDF_Importer_6.png Graphic file (type png)
<use images/URDF_Importer_6.png>
Package pdftex.def Info: images/URDF_Importer_6.png  used on input line 737.
(pdftex.def)             Requested size: 154.29929pt x 228.96123pt.
<images/URDF_Importer_7.png, id=391, 628.14674pt x 466.74374pt>
File: images/URDF_Importer_7.png Graphic file (type png)
<use images/URDF_Importer_7.png>
Package pdftex.def Info: images/URDF_Importer_7.png  used on input line 746.
(pdftex.def)             Requested size: 154.29929pt x 114.64877pt.


[22 <./images/URDF_Importer_5.png> <./images/URDF_Importer_6.png>]
Overfull \hbox (13.81534pt too wide) in paragraph at lines 753--754
\OT1/cmr/m/n/10.95 Di se-gui-to so-no ri-por-ta-ti i pas-sag-gi svol-ti per la con-fi-gu-ra-zio-ne del pac-ka-ge mo-veit[]config[]tm5[]900
 []



[23 <./images/URDF_Importer_7.png>]
<images/rviz_1.PNG, id=417, 717.882pt x 587.796pt>
File: images/rviz_1.PNG Graphic file (type png)
<use images/rviz_1.PNG>
Package pdftex.def Info: images/rviz_1.PNG  used on input line 780.
(pdftex.def)             Requested size: 396.76001pt x 324.85837pt.


[24 <./images/rviz_1.PNG>]
<images/rviz_2.PNG, id=427, 419.166pt x 244.5135pt>
File: images/rviz_2.PNG Graphic file (type png)
<use images/rviz_2.PNG>
Package pdftex.def Info: images/rviz_2.PNG  used on input line 790.
(pdftex.def)             Requested size: 308.59187pt x 180.0156pt.
<images/rviz_3.PNG, id=429, 728.7225pt x 586.5915pt>
File: images/rviz_3.PNG Graphic file (type png)
<use images/rviz_3.PNG>
Package pdftex.def Info: images/rviz_3.PNG  used on input line 799.
(pdftex.def)             Requested size: 308.59187pt x 248.39854pt.


[25 <./images/rviz_2.PNG> <./images/rviz_3.PNG>] (C:\Users\lachiara\AppData\Local\Programs\MiKTeX\tex/latex/listings\lstlang1.sty
File: lstlang1.sty 2024/09/23 1.10c listings language file
) (C:\Users\lachiara\AppData\Local\Programs\MiKTeX\tex/latex/listings\lstmisc.sty
File: lstmisc.sty 2024/09/23 1.10c (Carsten Heinz)
)
LaTeX Font Info:    Trying to load font information for OML+cmr on input line 815.
 (C:\Users\lachiara\AppData\Local\Programs\MiKTeX\tex/latex/base\omlcmr.fd
File: omlcmr.fd 2024/11/19 v2.5n Standard LaTeX font definitions
)
LaTeX Font Info:    Font shape `OML/cmr/m/n' in size <10.95> not available
(Font)              Font shape `OML/cmm/m/it' tried instead on input line 815.


[26]

[27]
Overfull \hbox (38.76753pt too wide) in paragraph at lines 906--907
[][][][][][][][][][][][][][][][][][][][][][] 
 []

(C:\Users\lachiara\AppData\Local\Programs\MiKTeX\tex/latex/listings\lstlang1.sty
File: lstlang1.sty 2024/09/23 1.10c listings language file
) (C:\Users\lachiara\AppData\Local\Programs\MiKTeX\tex/latex/listings\lstlang1.sty
File: lstlang1.sty 2024/09/23 1.10c listings language file
)
LaTeX Font Info:    Trying to load font information for OMS+cmr on input line 925.
 (C:\Users\lachiara\AppData\Local\Programs\MiKTeX\tex/latex/base\omscmr.fd
File: omscmr.fd 2024/11/19 v2.5n Standard LaTeX font definitions
)
LaTeX Font Info:    Font shape `OMS/cmr/m/n' in size <10.95> not available
(Font)              Font shape `OMS/cmsy/m/n' tried instead on input line 925.


[28]
<images/Immagine1.png, id=483, 291.33844pt x 546.54187pt>
File: images/Immagine1.png Graphic file (type png)
<use images/Immagine1.png>
Package pdftex.def Info: images/Immagine1.png  used on input line 961.
(pdftex.def)             Requested size: 176.33629pt x 330.8048pt.


[29]
<images/Immagine2.png, id=490, 192.72pt x 511.15968pt>
File: images/Immagine2.png Graphic file (type png)
<use images/Immagine2.png>
Package pdftex.def Info: images/Immagine2.png  used on input line 968.
(pdftex.def)             Requested size: 176.33629pt x 467.69872pt.


[30 <./images/Immagine1.png>]

[31 <./images/Immagine2.png>]
Package hyperref Info: bookmark level for unknown lstlisting defaults to 0 on input line 988.


[32]
Overfull \hbox (25.6274pt too wide) in paragraph at lines 1027--1028
[][][][][][][][][][][][][][][][][][][][][][] 
 []


Overfull \hbox (12.48726pt too wide) in paragraph at lines 1034--1035
[][][][][][][][][][][][][][][][][][][] 
 []



[33]

[34]
<images/Immagine4.png, id=617, 457.71pt x 257.46187pt>
File: images/Immagine4.png Graphic file (type png)
<use images/Immagine4.png>
Package pdftex.def Info: images/Immagine4.png  used on input line 1103.
(pdftex.def)             Requested size: 352.6793pt x 198.38766pt.


[35 <./images/Immagine4.png>]

[36]

[37]
Overfull \hbox (5.91719pt too wide) in paragraph at lines 1220--1221
[][][][][][][][][][][][][][][][][][][][][][][][][][][][] 
 []



[38]
Overfull \hbox (26.91942pt too wide) in paragraph at lines 1236--1237
\OT1/cmr/m/n/10.95 le-ca-me-ra per la cat-tu-ra dei fra-me a co-lo-ri. Inol-tre, vie-ne abi-li-ta-to il \OT1/cmtt/m/n/10.95 DepthTextureMode.Depth
 []


Overfull \hbox (21.6707pt too wide) in paragraph at lines 1238--1239
\OT1/cmr/m/n/10.95 re-gi-stra-ti due pu-bli-sher per i to-pic \OT1/cmtt/m/n/10.95 /camera/color/image[]raw \OT1/cmr/m/n/10.95 e \OT1/cmtt/m/n/10.95 /camera/depth/image[]raw\OT1/cmr/m/n/10.95 ,
 []



[39]
LaTeX Font Info:    Font shape `OT1/cmtt/bx/n' in size <10.95> not available
(Font)              Font shape `OT1/cmtt/m/n' tried instead on input line 1258.

Overfull \hbox (50.1074pt too wide) in paragraph at lines 1260--1261
\OT1/cmr/m/n/10.95 Per sem-pli-fi-ca-re l'in-stal-la-zio-ne dei pac-chet-ti ne-ces-sa-ri, que-sto pro-get-to uti-liz-za un fi-le \OT1/cmtt/m/n/10.95 requirements.txt
 []

LaTeX Font Info:    Font shape `OMS/cmr/m/it' in size <10.95> not available
(Font)              Font shape `OMS/cmsy/m/n' tried instead on input line 1296.
(C:\Users\lachiara\AppData\Local\Programs\MiKTeX\tex/latex/listings\lstlang1.sty
File: lstlang1.sty 2024/09/23 1.10c listings language file
)

[40]
Overfull \hbox (143.88863pt too wide) in paragraph at lines 1321--1322
[][][][][][][][][][][][][][][][][][][][][][][][][][][][][][][][][] 
 []


Overfull \hbox (268.71992pt too wide) in paragraph at lines 1322--1324
[][][][][][][][][][][][][][][][][][][][][][][][][][][][][][][][][][][][][][] 
 []


Overfull \hbox (32.19746pt too wide) in paragraph at lines 1325--1326
[][][][][][][][][][][][][][][][][][][][] 
 []


Overfull \hbox (45.3376pt too wide) in paragraph at lines 1327--1329
[][][][][][][][][][][][][][][][][][][][] 
 []


Overfull \hbox (157.02876pt too wide) in paragraph at lines 1330--1331
[][][][][][][][][][][][][][][][][][][][][][][][][][][] 
 []


Overfull \hbox (157.02876pt too wide) in paragraph at lines 1331--1333
[][][][][][][][][][][][][][][][][][][][][][][][][][][] 
 []


Overfull \hbox (71.61787pt too wide) in paragraph at lines 1341--1342
[][][][][][][][][][][][][][][][][][][][][][][] 
 []


Overfull \hbox (51.90767pt too wide) in paragraph at lines 1359--1361
[][][][][][][][][][][][][][][][][][][][][][][] 
 []



[41]
Overfull \hbox (150.4587pt too wide) in paragraph at lines 1376--1377
[][][][][][][][][][][][][][][][][][][][][][][][][][][][] 
 []



[42]

[43]
Capitolo 3.


[44

]
<images/cloth_error.PNG, id=876, 161.403pt x 166.221pt>
File: images/cloth_error.PNG Graphic file (type png)
<use images/cloth_error.PNG>
Package pdftex.def Info: images/cloth_error.PNG  used on input line 1489.
(pdftex.def)             Requested size: 176.33629pt x 181.61098pt.
<images/blender_ratio.PNG, id=877, 173.448pt x 292.6935pt>
File: images/blender_ratio.PNG Graphic file (type png)
<use images/blender_ratio.PNG>
Package pdftex.def Info: images/blender_ratio.PNG  used on input line 1498.
(pdftex.def)             Requested size: 132.25557pt x 223.19073pt.


[45 <./images/cloth_error.PNG>]

[46 <./images/blender_ratio.PNG>]
<images/prefab_visual.PNG, id=891, 880.4895pt x 235.47975pt>
File: images/prefab_visual.PNG Graphic file (type png)
<use images/prefab_visual.PNG>
Package pdftex.def Info: images/prefab_visual.PNG  used on input line 1525.
(pdftex.def)             Requested size: 352.6793pt x 94.32317pt.
<images/prefab_collision.PNG, id=892, 882.8985pt x 234.8775pt>
File: images/prefab_collision.PNG Graphic file (type png)
<use images/prefab_collision.PNG>
Package pdftex.def Info: images/prefab_collision.PNG  used on input line 1532.
(pdftex.def)             Requested size: 352.6793pt x 93.82388pt.


[47 <./images/prefab_visual.PNG>]
<images/errore_prefab.PNG, id=899, 737.154pt x 22.28325pt>
File: images/errore_prefab.PNG Graphic file (type png)
<use images/errore_prefab.PNG>
Package pdftex.def Info: images/errore_prefab.PNG  used on input line 1543.
(pdftex.def)             Requested size: 440.84746pt x 13.3265pt.


[48 <./images/prefab_collision.PNG> <./images/errore_prefab.PNG>]

[49]
<images/depth.PNG, id=958, 1156.32pt x 619.113pt>
File: images/depth.PNG Graphic file (type png)
<use images/depth.PNG>
Package pdftex.def Info: images/depth.PNG  used on input line 1641.
(pdftex.def)             Requested size: 440.84746pt x 236.03058pt.


[50]

[51 <./images/depth.PNG>]
Capitolo 4.


[52

]

[53]
Capitolo 5.
<images/move_group.PNG, id=1008, 1156.32pt x 627.5445pt>
File: images/move_group.PNG Graphic file (type png)
<use images/move_group.PNG>
Package pdftex.def Info: images/move_group.PNG  used on input line 1741.
(pdftex.def)             Requested size: 440.84746pt x 239.245pt.


[54

]
<images/terminale_2.PNG, id=1015, 650.43pt x 184.2885pt>
File: images/terminale_2.PNG Graphic file (type png)
<use images/terminale_2.PNG>
Package pdftex.def Info: images/terminale_2.PNG  used on input line 1760.
(pdftex.def)             Requested size: 440.84746pt x 124.90958pt.


[55 <./images/move_group.PNG> <./images/terminale_2.PNG>]
Overfull \hbox (59.28838pt too wide) in paragraph at lines 1772--1772
[]    \OT1/cmtt/m/n/10.95 ros2 run ros_tcp_endpoint default_server_endpoint --ros-args -p ROS_IP:={IL_TUO_IP} 
 []

<images/test_movimento_robot_1.PNG, id=1023, 950.3505pt x 452.28975pt>
File: images/test_movimento_robot_1.PNG Graphic file (type png)
<use images/test_movimento_robot_1.PNG>
Package pdftex.def Info: images/test_movimento_robot_1.PNG  used on input line 1785.
(pdftex.def)             Requested size: 440.84746pt x 209.80185pt.
<images/test_movimento_robot_2.PNG, id=1024, 904.5795pt x 486.01575pt>
File: images/test_movimento_robot_2.PNG Graphic file (type png)
<use images/test_movimento_robot_2.PNG>
Package pdftex.def Info: images/test_movimento_robot_2.PNG  used on input line 1792.
(pdftex.def)             Requested size: 440.84746pt x 236.8594pt.


[56 <./images/test_movimento_robot_1.PNG>]
<images/test_movimento_robot_3.PNG, id=1032, 906.9885pt x 489.027pt>
File: images/test_movimento_robot_3.PNG Graphic file (type png)
<use images/test_movimento_robot_3.PNG>
Package pdftex.def Info: images/test_movimento_robot_3.PNG  used on input line 1799.
(pdftex.def)             Requested size: 440.84746pt x 237.69267pt.


[57 <./images/test_movimento_robot_2.PNG> <./images/test_movimento_robot_3.PNG>]
<images/frame_video_1.PNG, id=1042, 1156.32pt x 620.3175pt>
File: images/frame_video_1.PNG Graphic file (type png)
<use images/frame_video_1.PNG>
Package pdftex.def Info: images/frame_video_1.PNG  used on input line 1816.
(pdftex.def)             Requested size: 440.84746pt x 236.48979pt.
<images/frame_video_2.PNG, id=1043, 1156.32pt x 606.46574pt>
File: images/frame_video_2.PNG Graphic file (type png)
<use images/frame_video_2.PNG>
Package pdftex.def Info: images/frame_video_2.PNG  used on input line 1823.
(pdftex.def)             Requested size: 440.84746pt x 231.20894pt.


[58 <./images/frame_video_1.PNG>]
<images/frame_video_3.PNG, id=1050, 1156.32pt x 618.51076pt>
File: images/frame_video_3.PNG Graphic file (type png)
<use images/frame_video_3.PNG>
Package pdftex.def Info: images/frame_video_3.PNG  used on input line 1830.
(pdftex.def)             Requested size: 440.84746pt x 235.80098pt.
<images/frame_video_4.PNG, id=1051, 1156.32pt x 616.704pt>
File: images/frame_video_4.PNG Graphic file (type png)
<use images/frame_video_4.PNG>
Package pdftex.def Info: images/frame_video_4.PNG  used on input line 1837.
(pdftex.def)             Requested size: 440.84746pt x 235.11217pt.


[59 <./images/frame_video_2.PNG> <./images/frame_video_3.PNG>]

[60 <./images/frame_video_4.PNG>]
Capitolo 6.
(main.bbl

[61

]
Underfull \hbox (badness 1221) in paragraph at lines 16--19
[]\OT1/cmr/m/n/10.95 ``Installazione di mo-veit.''  []$\OT1/cmtt/m/n/10.95 https : / / moveit . picknik . ai / humble / doc / tutorials /
 []


Underfull \hbox (badness 10000) in paragraph at lines 29--32
[]\OT1/cmr/m/n/10.95 ``Compatibilit^^Ra gazebo-ros2.''  []$\OT1/cmtt/m/n/10.95 https : / / gazebosim . org / docs / harmonic / ros _
 []


Underfull \hbox (badness 1354) in paragraph at lines 38--41
[]\OT1/cmr/m/n/10.95 ``Tutorial per te-st del-la con-nes-sio-ne tra uni-ty e ros2.''  []$\OT1/cmtt/m/n/10.95 https : / / github . com /
 []


Underfull \hbox (badness 10000) in paragraph at lines 38--41
\OT1/cmtt/m/n/10.95 Unity-[]Technologies / Unity-[]Robotics-[]Hub / blob / main / tutorials / ros _ unity _
 []


Underfull \hbox (badness 10000) in paragraph at lines 43--45
[]\OT1/cmr/m/n/10.95 ``Repository del urdf-importer.''  []$\OT1/cmtt/m/n/10.95 https : / / github . com / Unity-[]Technologies /
 []

)

[62

] (main.aux)
 ***********
LaTeX2e <2024-11-01> patch level 2
L3 programming layer <2025-03-26>
 ***********


LaTeX Warning: There were multiply-defined labels.

Package rerunfilecheck Info: File `main.out' has not changed.
(rerunfilecheck)             Checksum: 9D388EFC86BD35437FC479E09F3717AC;8201.
 ) 
Here is how much of TeX's memory you used:
 17497 strings out of 469958
 285788 string characters out of 5468362
 1091061 words of memory out of 5000000
 43474 multiletter control sequences out of 15000+600000
 637222 words of font info for 77 fonts, out of 8000000 for 9000
 1141 hyphenation exceptions out of 8191
 75i,9n,79p,1459b,2065s stack positions out of 10000i,1000n,20000p,200000b,200000s
 <C:\Users\lachiara\AppData\Local\MiKTeX\fonts/pk/ljfour/jknappen/ec/dpi600\tcti1095.pk> <C:\Users\lachiara\AppData\Local\MiKTeX\fonts/pk/ljfour/jknappen/ec/dpi600\tcrm1095.pk><C:/Users/lachiara/AppData/Local/Programs/MiKTeX/fonts/type1/public/amsfonts/cm/cmbx10.pfb><C:/Users/lachiara/AppData/Local/Programs/MiKTeX/fonts/type1/public/amsfonts/cm/cmbx12.pfb><C:/Users/lachiara/AppData/Local/Programs/MiKTeX/fonts/type1/public/amsfonts/cm/cmbxti10.pfb><C:/Users/lachiara/AppData/Local/Programs/MiKTeX/fonts/type1/public/amsfonts/cm/cmcsc10.pfb><C:/Users/lachiara/AppData/Local/Programs/MiKTeX/fonts/type1/public/amsfonts/cm/cmitt10.pfb><C:/Users/lachiara/AppData/Local/Programs/MiKTeX/fonts/type1/public/amsfonts/cm/cmmi10.pfb><C:/Users/lachiara/AppData/Local/Programs/MiKTeX/fonts/type1/public/amsfonts/cm/cmr10.pfb><C:/Users/lachiara/AppData/Local/Programs/MiKTeX/fonts/type1/public/amsfonts/cm/cmr12.pfb><C:/Users/lachiara/AppData/Local/Programs/MiKTeX/fonts/type1/public/amsfonts/cm/cmsy10.pfb><C:/Users/lachiara/AppData/Local/Programs/MiKTeX/fonts/type1/public/amsfonts/cm/cmti10.pfb><C:/Users/lachiara/AppData/Local/Programs/MiKTeX/fonts/type1/public/amsfonts/cm/cmtt10.pfb>
Output written on main.pdf (63 pages, 5420074 bytes).
PDF statistics:
 1280 PDF objects out of 1440 (max. 8388607)
 580 named destinations out of 1000 (max. 500000)
 525 words of extra memory for PDF output out of 10000 (max. 10000000)

